[INFO ] 2023-05-02 09:15:40.111 [main] ExtentReporterNG - Setting Extent Report Info.........
[INFO ] 2023-05-02 09:15:40.537 [main] FileRead - Read File Method called
[INFO ] 2023-05-02 09:15:40.544 [main] DeleteDirectory - Delete Directory Method Called
[INFO ] 2023-05-02 09:15:40.545 [main] FileMove - Move File Method called
[INFO ] 2023-05-02 09:15:40.559 [main] DeleteDirectory - Delete Directory Method Called
[INFO ] 2023-05-02 09:15:40.594 [main] BaseTest - Initialize the Driver..........
[INFO ] 2023-05-02 09:15:45.550 [main] BaseTest - Opening the URL..........
[INFO ] 2023-05-02 09:15:55.841 [main] GearTest - Bag Button Test case
[INFO ] 2023-05-02 09:15:55.892 [main] GearPage - click on Gear Button
[INFO ] 2023-05-02 09:15:57.997 [main] GearPage - mouse over on Gear Button
[INFO ] 2023-05-02 09:15:58.270 [main] GearPage - click on Bag Button from drop-down
[INFO ] 2023-05-02 09:16:00.785 [main] BaseTest - Closing the Driver..........
[INFO ] 2023-05-02 09:16:01.808 [main] BaseTest - Initialize the Driver..........
[INFO ] 2023-05-02 09:16:03.992 [main] BaseTest - Opening the URL..........
[INFO ] 2023-05-02 09:16:14.288 [main] HomeTest - Women Button Test case
[INFO ] 2023-05-02 09:16:14.291 [main] HomePage - click on Women Button
[INFO ] 2023-05-02 09:16:16.454 [main] BaseTest - Closing the Driver..........
[INFO ] 2023-05-02 09:16:17.400 [main] BaseTest - Initialize the Driver..........
[INFO ] 2023-05-02 09:16:20.053 [main] BaseTest - Opening the URL..........
[INFO ] 2023-05-02 09:16:28.736 [main] SaleTest - Fitness-Equipment Link Test case
[INFO ] 2023-05-02 09:16:28.741 [main] SalePage - click on Sale Button
[INFO ] 2023-05-02 09:16:30.751 [main] SalePage - click on Fitness-Equipment Link
[INFO ] 2023-05-02 09:16:32.281 [main] BaseTest - Closing the Driver..........
[INFO ] 2023-05-02 09:16:33.085 [main] BaseTest - Initialize the Driver..........
[INFO ] 2023-05-02 09:16:35.740 [main] BaseTest - Opening the URL..........
[INFO ] 2023-05-02 09:16:47.012 [main] SearchTest - Valid Search Test case
[INFO ] 2023-05-02 09:16:47.020 [main] SearchPage - click on search bar
[INFO ] 2023-05-02 09:16:47.293 [main] SearchPage - enter details on search
[INFO ] 2023-05-02 09:16:47.369 [main] SearchPage - click on enter button from keyboard
[INFO ] 2023-05-02 09:16:48.808 [main] SearchPage - check item visibility
[INFO ] 2023-05-02 09:16:49.190 [main] BaseTest - Closing the Driver..........
[INFO ] 2023-05-02 09:16:50.041 [main] BaseTest - Initialize the Driver..........
[INFO ] 2023-05-02 09:16:52.395 [main] BaseTest - Opening the URL..........
[INFO ] 2023-05-02 09:17:02.425 [main] SearchTest - Valid Search Test case
[INFO ] 2023-05-02 09:17:02.427 [main] SearchPage - click on search bar
[INFO ] 2023-05-02 09:17:02.591 [main] SearchPage - enter details on search
[INFO ] 2023-05-02 09:17:02.733 [main] SearchPage - click on enter button from keyboard
[INFO ] 2023-05-02 09:17:04.838 [main] SearchPage - check item visibility
[INFO ] 2023-05-02 09:17:05.044 [main] BaseTest - Closing the Driver..........
[INFO ] 2023-05-02 09:17:06.769 [main] FileWrite - Write File Method called
[INFO ] 2023-05-02 09:17:45.521 [main] ExtentReporterNG - Setting Extent Report Info.........
[INFO ] 2023-05-02 09:17:45.864 [main] FileRead - Read File Method called
[INFO ] 2023-05-02 09:17:45.871 [main] DeleteDirectory - Delete Directory Method Called
[INFO ] 2023-05-02 09:17:45.873 [main] FileMove - Move File Method called
[INFO ] 2023-05-02 09:17:45.886 [main] DeleteDirectory - Delete Directory Method Called
[INFO ] 2023-05-02 09:17:45.979 [TestNG-test=Parallel Testing-1] BaseTest - Initialize the Driver..........
[INFO ] 2023-05-02 09:17:45.979 [TestNG-test=Parallel Testing-2] BaseTest - Initialize the Driver..........
[INFO ] 2023-05-02 09:17:45.979 [TestNG-test=Parallel Testing-3] BaseTest - Initialize the Driver..........
[INFO ] 2023-05-02 09:17:45.979 [TestNG-test=Parallel Testing-4] BaseTest - Initialize the Driver..........
[INFO ] 2023-05-02 09:17:52.852 [TestNG-test=Parallel Testing-2] BaseTest - Opening the URL..........
[INFO ] 2023-05-02 09:17:52.856 [TestNG-test=Parallel Testing-4] BaseTest - Opening the URL..........
[INFO ] 2023-05-02 09:17:53.065 [TestNG-test=Parallel Testing-1] BaseTest - Opening the URL..........
[INFO ] 2023-05-02 09:17:53.173 [TestNG-test=Parallel Testing-3] BaseTest - Opening the URL..........
[INFO ] 2023-05-02 09:18:01.581 [TestNG-test=Parallel Testing-2] HomeTest - Women Button Test case
[INFO ] 2023-05-02 09:18:01.627 [TestNG-test=Parallel Testing-2] HomePage - click on Women Button
[INFO ] 2023-05-02 09:18:01.898 [TestNG-test=Parallel Testing-4] SearchTest - Invalid Searh Test case
[INFO ] 2023-05-02 09:18:01.903 [TestNG-test=Parallel Testing-4] SearchPage - click on search bar
[INFO ] 2023-05-02 09:18:01.927 [TestNG-test=Parallel Testing-1] GearTest - Bag Button Test case
[INFO ] 2023-05-02 09:18:01.930 [TestNG-test=Parallel Testing-1] GearPage - click on Gear Button
[INFO ] 2023-05-02 09:18:02.079 [TestNG-test=Parallel Testing-4] SearchPage - enter details on search
[INFO ] 2023-05-02 09:18:03.984 [TestNG-test=Parallel Testing-3] SaleTest - Bag Link Test case
[INFO ] 2023-05-02 09:18:03.996 [TestNG-test=Parallel Testing-3] SalePage - click on Sale Button
[INFO ] 2023-05-02 09:18:04.604 [TestNG-test=Parallel Testing-4] SearchPage - click on enter button from keyboard
[INFO ] 2023-05-02 09:18:06.447 [TestNG-test=Parallel Testing-1] GearPage - mouse over on Gear Button
[INFO ] 2023-05-02 09:18:08.330 [TestNG-test=Parallel Testing-2] BaseTest - Closing the Driver..........
[INFO ] 2023-05-02 09:18:08.949 [TestNG-test=Parallel Testing-1] GearPage - click on Bag Button from drop-down
[INFO ] 2023-05-02 09:18:12.815 [TestNG-test=Parallel Testing-3] SalePage - click on Bag Link
[INFO ] 2023-05-02 09:18:13.074 [TestNG-test=Parallel Testing-4] BaseTest - Closing the Driver..........
[INFO ] 2023-05-02 09:18:14.982 [TestNG-test=Parallel Testing-1] BaseTest - Closing the Driver..........
[INFO ] 2023-05-02 09:18:18.678 [TestNG-test=Parallel Testing-3] BaseTest - Closing the Driver..........
[INFO ] 2023-05-02 09:18:21.470 [TestNG-test=Parallel Testing-4] BaseTest - Initialize the Driver..........
[INFO ] 2023-05-02 09:18:21.595 [TestNG-test=Parallel Testing-3] BaseTest - Initialize the Driver..........
[INFO ] 2023-05-02 09:18:21.722 [TestNG-test=Parallel Testing-1] BaseTest - Initialize the Driver..........
[INFO ] 2023-05-02 09:18:28.599 [TestNG-test=Parallel Testing-4] BaseTest - Opening the URL..........
[INFO ] 2023-05-02 09:18:35.406 [TestNG-test=Parallel Testing-3] BaseTest - Opening the URL..........
[INFO ] 2023-05-02 09:18:35.616 [TestNG-test=Parallel Testing-1] BaseTest - Opening the URL..........
[INFO ] 2023-05-02 09:18:44.350 [TestNG-test=Parallel Testing-4] SearchTest - Invalid Searh Test case
[INFO ] 2023-05-02 09:18:44.354 [TestNG-test=Parallel Testing-4] SearchPage - click on search bar
[INFO ] 2023-05-02 09:18:45.503 [TestNG-test=Parallel Testing-4] SearchPage - enter details on search
[INFO ] 2023-05-02 09:18:47.558 [TestNG-test=Parallel Testing-4] SearchPage - click on enter button from keyboard
[INFO ] 2023-05-02 09:18:48.888 [TestNG-test=Parallel Testing-3] SaleTest - Fitness-Equipment Link Test case
[INFO ] 2023-05-02 09:18:48.892 [TestNG-test=Parallel Testing-3] SalePage - click on Sale Button
[INFO ] 2023-05-02 09:18:49.293 [TestNG-test=Parallel Testing-1] GearTest - Fitness-Equipment Button Test case
[INFO ] 2023-05-02 09:18:49.294 [TestNG-test=Parallel Testing-1] GearPage - click on Gear Button
[INFO ] 2023-05-02 09:18:52.122 [TestNG-test=Parallel Testing-4] BaseTest - Closing the Driver..........
[INFO ] 2023-05-02 09:18:55.507 [TestNG-test=Parallel Testing-1] GearPage - mouse over on Gear Button
[INFO ] 2023-05-02 09:18:55.564 [TestNG-test=Parallel Testing-3] SalePage - click on Fitness-Equipment Link
[INFO ] 2023-05-02 09:18:56.563 [TestNG-test=Parallel Testing-1] GearPage - click on Fitness-Equipment Button from drop-down
[INFO ] 2023-05-02 09:19:00.397 [TestNG-test=Parallel Testing-3] BaseTest - Closing the Driver..........
[INFO ] 2023-05-02 09:19:01.808 [TestNG-test=Parallel Testing-1] BaseTest - Closing the Driver..........
[INFO ] 2023-05-02 09:19:04.990 [TestNG-test=Parallel Testing-1] BaseTest - Initialize the Driver..........
[INFO ] 2023-05-02 09:19:08.619 [TestNG-test=Parallel Testing-4] BaseTest - Initialize the Driver..........
[INFO ] 2023-05-02 09:19:11.037 [TestNG-test=Parallel Testing-1] BaseTest - Opening the URL..........
[INFO ] 2023-05-02 09:19:15.843 [TestNG-test=Parallel Testing-4] BaseTest - Opening the URL..........
[INFO ] 2023-05-02 09:19:21.648 [TestNG-test=Parallel Testing-1] GearTest - Watches Button Test case
[INFO ] 2023-05-02 09:19:21.650 [TestNG-test=Parallel Testing-1] GearPage - click on Gear Button
[INFO ] 2023-05-02 09:19:24.983 [TestNG-test=Parallel Testing-4] SearchTest - Valid Search Test case
[INFO ] 2023-05-02 09:19:24.984 [TestNG-test=Parallel Testing-4] SearchPage - click on search bar
[INFO ] 2023-05-02 09:19:28.321 [TestNG-test=Parallel Testing-1] GearPage - mouse over on Gear Button
[INFO ] 2023-05-02 09:19:28.421 [TestNG-test=Parallel Testing-4] SearchPage - enter details on search
[INFO ] 2023-05-02 09:19:29.589 [TestNG-test=Parallel Testing-4] SearchPage - click on enter button from keyboard
[INFO ] 2023-05-02 09:19:29.748 [TestNG-test=Parallel Testing-1] GearPage - click on Watches Button from drop-down
[INFO ] 2023-05-02 09:19:33.055 [TestNG-test=Parallel Testing-4] SearchPage - check item visibility
[INFO ] 2023-05-02 09:19:33.711 [TestNG-test=Parallel Testing-1] BaseTest - Closing the Driver..........
[INFO ] 2023-05-02 09:19:34.839 [TestNG-test=Parallel Testing-4] BaseTest - Closing the Driver..........
[INFO ] 2023-05-02 09:19:36.775 [TestNG-test=Parallel Testing-4] BaseTest - Initialize the Driver..........
[INFO ] 2023-05-02 09:19:40.615 [TestNG-test=Parallel Testing-4] BaseTest - Opening the URL..........
[INFO ] 2023-05-02 09:19:50.702 [TestNG-test=Parallel Testing-4] SearchTest - Valid Search Test case
[INFO ] 2023-05-02 09:19:50.704 [TestNG-test=Parallel Testing-4] SearchPage - click on search bar
[INFO ] 2023-05-02 09:19:51.683 [TestNG-test=Parallel Testing-4] SearchPage - enter details on search
[INFO ] 2023-05-02 09:19:52.632 [TestNG-test=Parallel Testing-4] SearchPage - click on enter button from keyboard
[INFO ] 2023-05-02 09:19:55.657 [TestNG-test=Parallel Testing-4] SearchPage - check item visibility
[INFO ] 2023-05-02 09:19:56.282 [TestNG-test=Parallel Testing-4] BaseTest - Closing the Driver..........
[INFO ] 2023-05-02 09:19:59.099 [main] FileWrite - Write File Method called
[INFO ] 2023-07-26 11:05:36.199 [main] ExtentReporterNG - Setting Extent Report Info.........
[INFO ] 2023-07-26 11:05:36.776 [main] BaseTest - Initialize the Driver..........
[INFO ] 2023-07-26 11:05:46.643 [main] BaseTest - Opening the URL..........
[INFO ] 2023-07-26 11:05:57.341 [main] HomeTest - Women Button Test case
[INFO ] 2023-07-26 11:05:57.409 [main] HomePage - click on Women Button
[INFO ] 2023-07-26 11:05:59.545 [main] BaseTest - Closing the Driver..........
[INFO ] 2023-07-26 11:05:59.994 [main] BaseTest - Initialize the Driver..........
[INFO ] 2023-07-26 11:06:02.522 [main] BaseTest - Opening the URL..........
[INFO ] 2023-07-26 11:06:11.875 [main] SearchTest - Invalid Searh Test case
[INFO ] 2023-07-26 11:06:11.881 [main] SearchPage - click on search bar
[INFO ] 2023-07-26 11:06:12.015 [main] SearchPage - enter details on search
[INFO ] 2023-07-26 11:06:12.209 [main] SearchPage - click on enter button from keyboard
[INFO ] 2023-07-26 11:06:14.070 [main] BaseTest - Closing the Driver..........
[INFO ] 2023-07-26 11:06:14.532 [main] BaseTest - Initialize the Driver..........
[INFO ] 2023-07-26 11:06:16.749 [main] BaseTest - Opening the URL..........
[INFO ] 2023-07-26 11:06:32.158 [main] SearchTest - Invalid Searh Test case
[INFO ] 2023-07-26 11:06:32.162 [main] SearchPage - click on search bar
[INFO ] 2023-07-26 11:06:32.436 [main] SearchPage - enter details on search
[INFO ] 2023-07-26 11:06:32.639 [main] SearchPage - click on enter button from keyboard
[INFO ] 2023-07-26 11:06:35.788 [main] BaseTest - Closing the Driver..........
[INFO ] 2023-07-26 11:06:36.114 [main] BaseTest - Initialize the Driver..........
[INFO ] 2023-07-26 11:06:38.680 [main] BaseTest - Opening the URL..........
[INFO ] 2023-07-26 11:06:46.594 [main] SearchTest - Valid Search Test case
[INFO ] 2023-07-26 11:06:46.598 [main] SearchPage - click on search bar
[INFO ] 2023-07-26 11:06:46.834 [main] SearchPage - enter details on search
[INFO ] 2023-07-26 11:06:46.947 [main] SearchPage - click on enter button from keyboard
[INFO ] 2023-07-26 11:06:51.089 [main] SearchPage - check item visibility
[INFO ] 2023-07-26 11:06:51.288 [main] BaseTest - Closing the Driver..........
[INFO ] 2023-07-26 11:06:51.686 [main] BaseTest - Initialize the Driver..........
[INFO ] 2023-07-26 11:06:53.850 [main] BaseTest - Opening the URL..........
[INFO ] 2023-07-26 11:07:01.297 [main] SearchTest - Valid Search Test case
[INFO ] 2023-07-26 11:07:01.303 [main] SearchPage - click on search bar
[INFO ] 2023-07-26 11:07:01.604 [main] SearchPage - enter details on search
[INFO ] 2023-07-26 11:07:01.713 [main] SearchPage - click on enter button from keyboard
[INFO ] 2023-07-26 11:07:04.772 [main] SearchPage - check item visibility
[INFO ] 2023-07-26 11:07:04.845 [main] BaseTest - Closing the Driver..........
[INFO ] 2023-07-26 11:07:05.261 [main] BaseTest - Initialize the Driver..........
[INFO ] 2023-07-26 11:07:07.491 [main] BaseTest - Opening the URL..........
[INFO ] 2023-07-26 11:07:14.535 [main] SaleTest - Bag Link Test case
[INFO ] 2023-07-26 11:07:14.538 [main] SalePage - click on Sale Button
[INFO ] 2023-07-26 11:07:17.841 [main] SalePage - click on Bag Link
[INFO ] 2023-07-26 11:07:19.553 [main] BaseTest - Closing the Driver..........
[INFO ] 2023-07-26 11:07:19.925 [main] BaseTest - Initialize the Driver..........
[INFO ] 2023-07-26 11:07:22.374 [main] BaseTest - Opening the URL..........
[INFO ] 2023-07-26 11:07:31.962 [main] SaleTest - Fitness-Equipment Link Test case
[INFO ] 2023-07-26 11:07:31.964 [main] SalePage - click on Sale Button
[INFO ] 2023-07-26 11:07:35.324 [main] SalePage - click on Fitness-Equipment Link
[INFO ] 2023-07-26 11:07:37.560 [main] BaseTest - Closing the Driver..........
[INFO ] 2023-07-26 11:07:37.985 [main] BaseTest - Initialize the Driver..........
[INFO ] 2023-07-26 11:07:40.620 [main] BaseTest - Opening the URL..........
[INFO ] 2023-07-26 11:07:49.148 [main] GearTest - Bag Button Test case
[INFO ] 2023-07-26 11:07:49.150 [main] GearPage - click on Gear Button
[INFO ] 2023-07-26 11:07:52.726 [main] GearPage - mouse over on Gear Button
[INFO ] 2023-07-26 11:07:53.032 [main] GearPage - click on Bag Button from drop-down
[INFO ] 2023-07-26 11:07:54.660 [main] BaseTest - Closing the Driver..........
[INFO ] 2023-07-26 11:07:54.959 [main] BaseTest - Initialize the Driver..........
[INFO ] 2023-07-26 11:07:57.336 [main] BaseTest - Opening the URL..........
[INFO ] 2023-07-26 11:08:05.532 [main] GearTest - Fitness-Equipment Button Test case
[INFO ] 2023-07-26 11:08:05.532 [main] GearPage - click on Gear Button
[INFO ] 2023-07-26 11:08:08.768 [main] GearPage - mouse over on Gear Button
[INFO ] 2023-07-26 11:08:08.997 [main] GearPage - click on Fitness-Equipment Button from drop-down
[INFO ] 2023-07-26 11:08:11.308 [main] BaseTest - Closing the Driver..........
[INFO ] 2023-07-26 11:08:11.742 [main] BaseTest - Initialize the Driver..........
[INFO ] 2023-07-26 11:08:14.189 [main] BaseTest - Opening the URL..........
[INFO ] 2023-07-26 11:08:23.733 [main] GearTest - Watches Button Test case
[INFO ] 2023-07-26 11:08:23.736 [main] GearPage - click on Gear Button
[INFO ] 2023-07-26 11:08:27.025 [main] GearPage - mouse over on Gear Button
[INFO ] 2023-07-26 11:08:27.249 [main] GearPage - click on Watches Button from drop-down
[INFO ] 2023-07-26 11:08:29.306 [main] BaseTest - Closing the Driver..........
[INFO ] 2023-07-26 11:22:07.761 [main] ExtentReporterNG - Setting Extent Report Info.........
[INFO ] 2023-07-26 11:22:08.285 [main] FileRead - Read File Method called
[INFO ] 2023-07-26 11:22:08.300 [main] DeleteDirectory - Delete Directory Method Called
[INFO ] 2023-07-26 11:22:08.303 [main] FileMove - Move File Method called
[INFO ] 2023-07-26 11:22:08.328 [main] DeleteDirectory - Delete Directory Method Called
[INFO ] 2023-07-26 11:22:08.399 [main] BaseTest - Initialize the Driver..........
[INFO ] 2023-07-26 11:22:14.979 [main] BaseTest - Opening the URL..........
[INFO ] 2023-07-26 11:22:24.751 [main] SaleTest - Bag Link Test case
[INFO ] 2023-07-26 11:22:24.857 [main] SalePage - click on Sale Button
[INFO ] 2023-07-26 11:22:28.443 [main] SalePage - click on Bag Link
[INFO ] 2023-07-26 11:22:29.991 [main] BaseTest - Closing the Driver..........
[INFO ] 2023-07-26 11:22:30.959 [main] BaseTest - Initialize the Driver..........
[INFO ] 2023-07-26 11:22:33.525 [main] BaseTest - Opening the URL..........
[INFO ] 2023-07-26 11:22:42.707 [main] SaleTest - Fitness-Equipment Link Test case
[INFO ] 2023-07-26 11:22:42.710 [main] SalePage - click on Sale Button
[INFO ] 2023-07-26 11:22:45.235 [main] SalePage - click on Fitness-Equipment Link
[INFO ] 2023-07-26 11:22:47.752 [main] BaseTest - Closing the Driver..........
[INFO ] 2023-07-26 11:22:48.768 [main] BaseTest - Initialize the Driver..........
[INFO ] 2023-07-26 11:22:51.273 [main] BaseTest - Opening the URL..........
[INFO ] 2023-07-26 11:23:00.051 [main] GearTest - Bag Button Test case
[INFO ] 2023-07-26 11:23:00.058 [main] GearPage - click on Gear Button
[INFO ] 2023-07-26 11:23:03.500 [main] GearPage - mouse over on Gear Button
[INFO ] 2023-07-26 11:23:03.795 [main] GearPage - click on Bag Button from drop-down
[INFO ] 2023-07-26 11:23:05.389 [main] BaseTest - Closing the Driver..........
[INFO ] 2023-07-26 11:23:06.439 [main] BaseTest - Initialize the Driver..........
[INFO ] 2023-07-26 11:23:09.346 [main] BaseTest - Opening the URL..........
[INFO ] 2023-07-26 11:23:15.855 [main] GearTest - Fitness-Equipment Button Test case
[INFO ] 2023-07-26 11:23:15.856 [main] GearPage - click on Gear Button
[INFO ] 2023-07-26 11:23:18.597 [main] GearPage - mouse over on Gear Button
[INFO ] 2023-07-26 11:23:18.851 [main] GearPage - click on Fitness-Equipment Button from drop-down
[INFO ] 2023-07-26 11:23:21.054 [main] BaseTest - Closing the Driver..........
[INFO ] 2023-07-26 11:23:22.010 [main] BaseTest - Initialize the Driver..........
[INFO ] 2023-07-26 11:23:24.663 [main] BaseTest - Opening the URL..........
[INFO ] 2023-07-26 11:23:33.278 [main] GearTest - Watches Button Test case
[INFO ] 2023-07-26 11:23:33.280 [main] GearPage - click on Gear Button
[INFO ] 2023-07-26 11:23:36.833 [main] GearPage - mouse over on Gear Button
[INFO ] 2023-07-26 11:23:37.069 [main] GearPage - click on Watches Button from drop-down
[INFO ] 2023-07-26 11:23:38.701 [main] BaseTest - Closing the Driver..........
[INFO ] 2023-07-26 11:23:39.603 [main] BaseTest - Initialize the Driver..........
[INFO ] 2023-07-26 11:23:42.183 [main] BaseTest - Opening the URL..........
[INFO ] 2023-07-26 11:23:51.540 [main] SearchTest - Invalid Searh Test case
[INFO ] 2023-07-26 11:23:51.544 [main] SearchPage - click on search bar
[INFO ] 2023-07-26 11:23:51.648 [main] SearchPage - enter details on search
[INFO ] 2023-07-26 11:23:51.764 [main] SearchPage - click on enter button from keyboard
[INFO ] 2023-07-26 11:23:54.250 [main] BaseTest - Closing the Driver..........
[INFO ] 2023-07-26 11:23:55.383 [main] BaseTest - Initialize the Driver..........
[INFO ] 2023-07-26 11:23:58.528 [main] BaseTest - Opening the URL..........
[INFO ] 2023-07-26 11:24:08.454 [main] SearchTest - Invalid Searh Test case
[INFO ] 2023-07-26 11:24:08.456 [main] SearchPage - click on search bar
[INFO ] 2023-07-26 11:24:08.679 [main] SearchPage - enter details on search
[INFO ] 2023-07-26 11:24:08.799 [main] SearchPage - click on enter button from keyboard
[INFO ] 2023-07-26 11:24:11.559 [main] BaseTest - Closing the Driver..........
[INFO ] 2023-07-26 11:24:12.467 [main] BaseTest - Initialize the Driver..........
[INFO ] 2023-07-26 11:24:14.900 [main] BaseTest - Opening the URL..........
[INFO ] 2023-07-26 11:24:31.240 [main] SearchTest - Valid Search Test case
[INFO ] 2023-07-26 11:24:31.242 [main] SearchPage - click on search bar
[INFO ] 2023-07-26 11:24:31.511 [main] SearchPage - enter details on search
[INFO ] 2023-07-26 11:24:31.669 [main] SearchPage - click on enter button from keyboard
[INFO ] 2023-07-26 11:24:43.749 [main] SearchPage - check item visibility
[INFO ] 2023-07-26 11:24:43.848 [main] BaseTest - Closing the Driver..........
[INFO ] 2023-07-26 11:24:44.745 [main] BaseTest - Initialize the Driver..........
[INFO ] 2023-07-26 11:24:47.590 [main] BaseTest - Opening the URL..........
[INFO ] 2023-07-26 11:25:03.203 [main] SearchTest - Valid Search Test case
[INFO ] 2023-07-26 11:25:03.204 [main] SearchPage - click on search bar
[INFO ] 2023-07-26 11:25:03.316 [main] SearchPage - enter details on search
[INFO ] 2023-07-26 11:25:03.508 [main] SearchPage - click on enter button from keyboard
[INFO ] 2023-07-26 11:25:06.761 [main] SearchPage - check item visibility
[INFO ] 2023-07-26 11:25:06.936 [main] BaseTest - Closing the Driver..........
[INFO ] 2023-07-26 11:25:07.928 [main] BaseTest - Initialize the Driver..........
[INFO ] 2023-07-26 11:25:10.620 [main] BaseTest - Opening the URL..........
[INFO ] 2023-07-26 11:25:18.714 [main] HomeTest - Women Button Test case
[INFO ] 2023-07-26 11:25:18.722 [main] HomePage - click on Women Button
[INFO ] 2023-07-26 11:25:22.426 [main] BaseTest - Closing the Driver..........
[INFO ] 2023-07-26 11:25:24.217 [main] FileWrite - Write File Method called
[INFO ] 2023-07-26 11:50:08.736 [main] ExtentReporterNG - Setting Extent Report Info.........
[INFO ] 2023-07-26 11:50:09.553 [main] FileRead - Read File Method called
[INFO ] 2023-07-26 11:50:09.566 [main] DeleteDirectory - Delete Directory Method Called
[INFO ] 2023-07-26 11:50:09.569 [main] FileMove - Move File Method called
[INFO ] 2023-07-26 11:50:09.594 [main] DeleteDirectory - Delete Directory Method Called
[INFO ] 2023-07-26 11:50:09.650 [main] BaseTest - Initialize the Driver..........
[INFO ] 2023-07-26 11:50:14.869 [main] BaseTest - Opening the URL..........
[INFO ] 2023-07-26 11:50:21.389 [main] SaleTest - Bag Link Test case
[INFO ] 2023-07-26 11:50:21.480 [main] SalePage - click on Sale Button
[INFO ] 2023-07-26 11:50:24.874 [main] SalePage - click on Bag Link
[INFO ] 2023-07-26 11:50:26.490 [main] BaseTest - Closing the Driver..........
[INFO ] 2023-07-26 11:50:27.421 [main] BaseTest - Initialize the Driver..........
[INFO ] 2023-07-26 11:50:30.485 [main] BaseTest - Opening the URL..........
[INFO ] 2023-07-26 11:50:38.090 [main] SaleTest - Fitness-Equipment Link Test case
[INFO ] 2023-07-26 11:50:38.092 [main] SalePage - click on Sale Button
[INFO ] 2023-07-26 11:50:41.430 [main] SalePage - click on Fitness-Equipment Link
[INFO ] 2023-07-26 11:50:43.082 [main] BaseTest - Closing the Driver..........
[INFO ] 2023-07-26 11:50:44.030 [main] BaseTest - Initialize the Driver..........
[INFO ] 2023-07-26 11:50:46.932 [main] BaseTest - Opening the URL..........
[INFO ] 2023-07-26 11:50:54.861 [main] GearTest - Bag Button Test case
[INFO ] 2023-07-26 11:50:54.864 [main] GearPage - click on Gear Button
[INFO ] 2023-07-26 11:50:58.138 [main] GearPage - mouse over on Gear Button
[INFO ] 2023-07-26 11:50:58.417 [main] GearPage - click on Bag Button from drop-down
[INFO ] 2023-07-26 11:51:00.020 [main] BaseTest - Closing the Driver..........
[INFO ] 2023-07-26 11:51:00.996 [main] BaseTest - Initialize the Driver..........
[INFO ] 2023-07-26 11:51:03.717 [main] BaseTest - Opening the URL..........
[INFO ] 2023-07-26 11:51:11.312 [main] GearTest - Fitness-Equipment Button Test case
[INFO ] 2023-07-26 11:51:11.314 [main] GearPage - click on Gear Button
[INFO ] 2023-07-26 11:51:14.377 [main] GearPage - mouse over on Gear Button
[INFO ] 2023-07-26 11:51:14.624 [main] GearPage - click on Fitness-Equipment Button from drop-down
[INFO ] 2023-07-26 11:51:16.125 [main] BaseTest - Closing the Driver..........
[INFO ] 2023-07-26 11:51:17.103 [main] BaseTest - Initialize the Driver..........
[INFO ] 2023-07-26 11:51:19.954 [main] BaseTest - Opening the URL..........
[INFO ] 2023-07-26 11:51:28.303 [main] GearTest - Watches Button Test case
[INFO ] 2023-07-26 11:51:28.303 [main] GearPage - click on Gear Button
[INFO ] 2023-07-26 11:51:31.887 [main] GearPage - mouse over on Gear Button
[INFO ] 2023-07-26 11:51:32.122 [main] GearPage - click on Watches Button from drop-down
[INFO ] 2023-07-26 11:51:34.424 [main] BaseTest - Closing the Driver..........
[INFO ] 2023-07-26 11:51:35.369 [main] BaseTest - Initialize the Driver..........
[INFO ] 2023-07-26 11:51:37.891 [main] BaseTest - Opening the URL..........
[INFO ] 2023-07-26 11:51:44.099 [main] SearchTest - Invalid Searh Test case
[INFO ] 2023-07-26 11:51:44.109 [main] SearchPage - click on search bar
[INFO ] 2023-07-26 11:51:44.409 [main] SearchPage - enter details on search
[INFO ] 2023-07-26 11:51:44.526 [main] SearchPage - click on enter button from keyboard
[INFO ] 2023-07-26 11:51:46.733 [main] BaseTest - Closing the Driver..........
[INFO ] 2023-07-26 11:51:47.658 [main] BaseTest - Initialize the Driver..........
[INFO ] 2023-07-26 11:51:50.211 [main] BaseTest - Opening the URL..........
[INFO ] 2023-07-26 11:51:58.758 [main] SearchTest - Invalid Searh Test case
[INFO ] 2023-07-26 11:51:58.769 [main] SearchPage - click on search bar
[INFO ] 2023-07-26 11:51:59.021 [main] SearchPage - enter details on search
[INFO ] 2023-07-26 11:51:59.230 [main] SearchPage - click on enter button from keyboard
[INFO ] 2023-07-26 11:52:01.415 [main] BaseTest - Closing the Driver..........
[INFO ] 2023-07-26 11:52:02.294 [main] BaseTest - Initialize the Driver..........
[INFO ] 2023-07-26 11:52:05.064 [main] BaseTest - Opening the URL..........
[INFO ] 2023-07-26 11:52:14.424 [main] SearchTest - Valid Search Test case
[INFO ] 2023-07-26 11:52:14.428 [main] SearchPage - click on search bar
[INFO ] 2023-07-26 11:52:14.599 [main] SearchPage - enter details on search
[INFO ] 2023-07-26 11:52:14.723 [main] SearchPage - click on enter button from keyboard
[INFO ] 2023-07-26 11:52:16.374 [main] SearchPage - check item visibility
[INFO ] 2023-07-26 11:52:16.690 [main] BaseTest - Closing the Driver..........
[INFO ] 2023-07-26 11:52:17.636 [main] BaseTest - Initialize the Driver..........
[INFO ] 2023-07-26 11:52:20.511 [main] BaseTest - Opening the URL..........
[INFO ] 2023-07-26 11:52:30.115 [main] SearchTest - Valid Search Test case
[INFO ] 2023-07-26 11:52:30.117 [main] SearchPage - click on search bar
[INFO ] 2023-07-26 11:52:30.342 [main] SearchPage - enter details on search
[INFO ] 2023-07-26 11:52:30.424 [main] SearchPage - click on enter button from keyboard
[INFO ] 2023-07-26 11:52:33.414 [main] SearchPage - check item visibility
[INFO ] 2023-07-26 11:52:33.557 [main] BaseTest - Closing the Driver..........
[INFO ] 2023-07-26 11:52:34.494 [main] BaseTest - Initialize the Driver..........
[INFO ] 2023-07-26 11:52:37.091 [main] BaseTest - Opening the URL..........
[INFO ] 2023-07-26 11:52:44.248 [main] HomeTest - Women Button Test case
[INFO ] 2023-07-26 11:52:44.253 [main] HomePage - click on Women Button
[INFO ] 2023-07-26 11:52:47.327 [main] BaseTest - Closing the Driver..........
[INFO ] 2023-07-26 11:52:49.455 [main] FileWrite - Write File Method called
[INFO ] 2023-08-01 20:27:39.457 [main] ExtentReporterNG - Setting Extent Report Info.........
[INFO ] 2023-08-01 20:27:39.941 [main] BaseTest - Initialize the Driver..........
[INFO ] 2023-08-01 20:27:56.396 [main] BaseTest - Opening the URL..........
[INFO ] 2023-08-01 20:28:05.625 [main] HomeTest - Women Button Test case
[INFO ] 2023-08-01 20:28:05.648 [main] HomePage - click on Women Button
[INFO ] 2023-08-01 20:28:09.134 [main] BaseTest - Closing the Driver..........
[INFO ] 2023-08-01 20:28:09.537 [main] BaseTest - Initialize the Driver..........
[INFO ] 2023-08-01 20:28:11.961 [main] BaseTest - Opening the URL..........
[INFO ] 2023-08-01 20:28:21.818 [main] SearchTest - Invalid Searh Test case
[INFO ] 2023-08-01 20:28:21.822 [main] SearchPage - click on search bar
[INFO ] 2023-08-01 20:28:21.964 [main] SearchPage - enter details on search
[INFO ] 2023-08-01 20:28:22.023 [main] SearchPage - click on enter button from keyboard
[INFO ] 2023-08-01 20:28:24.090 [main] BaseTest - Closing the Driver..........
[INFO ] 2023-08-01 20:28:24.473 [main] BaseTest - Initialize the Driver..........
[INFO ] 2023-08-01 20:28:26.513 [main] BaseTest - Opening the URL..........
[INFO ] 2023-08-01 20:28:36.534 [main] SearchTest - Invalid Searh Test case
[INFO ] 2023-08-01 20:28:36.535 [main] SearchPage - click on search bar
[INFO ] 2023-08-01 20:28:36.685 [main] SearchPage - enter details on search
[INFO ] 2023-08-01 20:28:36.779 [main] SearchPage - click on enter button from keyboard
[INFO ] 2023-08-01 20:28:38.622 [main] BaseTest - Closing the Driver..........
[INFO ] 2023-08-01 20:28:38.968 [main] BaseTest - Initialize the Driver..........
[INFO ] 2023-08-01 20:28:41.084 [main] BaseTest - Opening the URL..........
[INFO ] 2023-08-01 20:28:51.145 [main] SearchTest - Valid Search Test case
[INFO ] 2023-08-01 20:28:51.148 [main] SearchPage - click on search bar
[INFO ] 2023-08-01 20:28:51.278 [main] SearchPage - enter details on search
[INFO ] 2023-08-01 20:28:51.383 [main] SearchPage - click on enter button from keyboard
[INFO ] 2023-08-01 20:28:52.755 [main] SearchPage - check item visibility
[INFO ] 2023-08-01 20:28:53.135 [main] BaseTest - Closing the Driver..........
[INFO ] 2023-08-01 20:28:53.508 [main] BaseTest - Initialize the Driver..........
[INFO ] 2023-08-01 20:28:55.643 [main] BaseTest - Opening the URL..........
[INFO ] 2023-08-01 20:29:04.414 [main] SearchTest - Valid Search Test case
[INFO ] 2023-08-01 20:29:04.418 [main] SearchPage - click on search bar
[INFO ] 2023-08-01 20:29:04.530 [main] SearchPage - enter details on search
[INFO ] 2023-08-01 20:29:04.595 [main] SearchPage - click on enter button from keyboard
[INFO ] 2023-08-01 20:29:08.142 [main] SearchPage - check item visibility
[INFO ] 2023-08-01 20:29:08.223 [main] BaseTest - Closing the Driver..........
[INFO ] 2023-08-01 20:29:08.650 [main] BaseTest - Initialize the Driver..........
[INFO ] 2023-08-01 20:29:11.041 [main] BaseTest - Opening the URL..........
[INFO ] 2023-08-01 20:29:17.372 [main] SaleTest - Bag Link Test case
[INFO ] 2023-08-01 20:29:17.374 [main] SalePage - click on Sale Button
[INFO ] 2023-08-01 20:29:19.880 [main] SalePage - click on Bag Link
[INFO ] 2023-08-01 20:29:23.273 [main] BaseTest - Closing the Driver..........
[INFO ] 2023-08-01 20:29:23.841 [main] BaseTest - Initialize the Driver..........
[INFO ] 2023-08-01 20:29:26.478 [main] BaseTest - Opening the URL..........
[INFO ] 2023-08-01 20:29:33.907 [main] SaleTest - Fitness-Equipment Link Test case
[INFO ] 2023-08-01 20:29:33.908 [main] SalePage - click on Sale Button
[INFO ] 2023-08-01 20:29:37.222 [main] SalePage - click on Fitness-Equipment Link
[INFO ] 2023-08-01 20:29:38.968 [main] BaseTest - Closing the Driver..........
[INFO ] 2023-08-01 20:29:39.288 [main] BaseTest - Initialize the Driver..........
[INFO ] 2023-08-01 20:29:41.394 [main] BaseTest - Opening the URL..........
[INFO ] 2023-08-01 20:29:50.214 [main] GearTest - Bag Button Test case
[INFO ] 2023-08-01 20:29:50.215 [main] GearPage - click on Gear Button
[INFO ] 2023-08-01 20:29:53.674 [main] GearPage - mouse over on Gear Button
[INFO ] 2023-08-01 20:29:53.860 [main] GearPage - click on Bag Button from drop-down
[INFO ] 2023-08-01 20:29:55.814 [main] BaseTest - Closing the Driver..........
[INFO ] 2023-08-01 20:29:56.241 [main] BaseTest - Initialize the Driver..........
[INFO ] 2023-08-01 20:29:58.361 [main] BaseTest - Opening the URL..........
[INFO ] 2023-08-01 20:30:08.873 [main] GearTest - Fitness-Equipment Button Test case
[INFO ] 2023-08-01 20:30:08.873 [main] GearPage - click on Gear Button
[INFO ] 2023-08-01 20:30:11.898 [main] GearPage - mouse over on Gear Button
[INFO ] 2023-08-01 20:30:12.095 [main] GearPage - click on Fitness-Equipment Button from drop-down
[INFO ] 2023-08-01 20:30:14.322 [main] BaseTest - Closing the Driver..........
[INFO ] 2023-08-01 20:30:14.802 [main] BaseTest - Initialize the Driver..........
[INFO ] 2023-08-01 20:30:16.904 [main] BaseTest - Opening the URL..........
[INFO ] 2023-08-01 20:30:26.237 [main] GearTest - Watches Button Test case
[INFO ] 2023-08-01 20:30:26.238 [main] GearPage - click on Gear Button
[INFO ] 2023-08-01 20:30:29.346 [main] GearPage - mouse over on Gear Button
[INFO ] 2023-08-01 20:30:29.501 [main] GearPage - click on Watches Button from drop-down
[INFO ] 2023-08-01 20:30:30.644 [main] BaseTest - Closing the Driver..........
[INFO ] 2023-08-02 10:18:49.074 [main] ExtentReporterNG - Setting Extent Report Info.........
[INFO ] 2023-08-02 10:18:49.518 [main] FileRead - Read File Method called
[INFO ] 2023-08-02 10:18:49.531 [main] DeleteDirectory - Delete Directory Method Called
[INFO ] 2023-08-02 10:18:49.532 [main] FileMove - Move File Method called
[INFO ] 2023-08-02 10:18:49.549 [main] DeleteDirectory - Delete Directory Method Called
[INFO ] 2023-08-02 10:18:49.594 [main] BaseTest - Initialize the Driver..........
[INFO ] 2023-08-02 10:18:55.971 [main] BaseTest - Opening the URL..........
[INFO ] 2023-08-02 10:19:06.942 [main] SaleTest - Bag Link Test case
[INFO ] 2023-08-02 10:19:06.975 [main] SalePage - click on Sale Button
[INFO ] 2023-08-02 10:19:10.057 [main] SalePage - click on Bag Link
[INFO ] 2023-08-02 10:19:11.753 [main] BaseTest - Closing the Driver..........
[INFO ] 2023-08-02 10:19:12.166 [main] BaseTest - Initialize the Driver..........
[INFO ] 2023-08-02 10:19:14.357 [main] BaseTest - Opening the URL..........
[INFO ] 2023-08-02 10:19:23.189 [main] SaleTest - Fitness-Equipment Link Test case
[INFO ] 2023-08-02 10:19:23.190 [main] SalePage - click on Sale Button
[INFO ] 2023-08-02 10:19:26.449 [main] SalePage - click on Fitness-Equipment Link
[INFO ] 2023-08-02 10:19:28.284 [main] BaseTest - Closing the Driver..........
[INFO ] 2023-08-02 10:19:28.633 [main] BaseTest - Initialize the Driver..........
[INFO ] 2023-08-02 10:19:30.669 [main] BaseTest - Opening the URL..........
[INFO ] 2023-08-02 10:19:40.464 [main] GearTest - Bag Button Test case
[INFO ] 2023-08-02 10:19:40.468 [main] GearPage - click on Gear Button
[INFO ] 2023-08-02 10:19:43.945 [main] GearPage - mouse over on Gear Button
[INFO ] 2023-08-02 10:19:44.138 [main] GearPage - click on Bag Button from drop-down
[INFO ] 2023-08-02 10:19:46.572 [main] BaseTest - Closing the Driver..........
[INFO ] 2023-08-02 10:19:46.993 [main] BaseTest - Initialize the Driver..........
[INFO ] 2023-08-02 10:19:49.168 [main] BaseTest - Opening the URL..........
[INFO ] 2023-08-02 10:19:58.541 [main] GearTest - Fitness-Equipment Button Test case
[INFO ] 2023-08-02 10:19:58.541 [main] GearPage - click on Gear Button
[INFO ] 2023-08-02 10:20:01.612 [main] GearPage - mouse over on Gear Button
[INFO ] 2023-08-02 10:20:01.826 [main] GearPage - click on Fitness-Equipment Button from drop-down
[INFO ] 2023-08-02 10:20:03.820 [main] BaseTest - Closing the Driver..........
[INFO ] 2023-08-02 10:20:04.213 [main] BaseTest - Initialize the Driver..........
[INFO ] 2023-08-02 10:20:06.472 [main] BaseTest - Opening the URL..........
[INFO ] 2023-08-02 10:20:15.566 [main] GearTest - Watches Button Test case
[INFO ] 2023-08-02 10:20:15.567 [main] GearPage - click on Gear Button
[INFO ] 2023-08-02 10:20:17.137 [main] GearPage - mouse over on Gear Button
[INFO ] 2023-08-02 10:20:17.600 [main] GearPage - click on Watches Button from drop-down
[INFO ] 2023-08-02 10:20:19.610 [main] BaseTest - Closing the Driver..........
[INFO ] 2023-08-02 10:20:20.274 [main] BaseTest - Initialize the Driver..........
[INFO ] 2023-08-02 10:20:23.240 [main] BaseTest - Opening the URL..........
[INFO ] 2023-08-02 10:20:31.197 [main] SearchTest - Invalid Searh Test case
[INFO ] 2023-08-02 10:20:31.202 [main] SearchPage - click on search bar
[INFO ] 2023-08-02 10:20:31.514 [main] SearchPage - enter details on search
[INFO ] 2023-08-02 10:20:31.685 [main] SearchPage - click on enter button from keyboard
[INFO ] 2023-08-02 10:20:33.480 [main] BaseTest - Closing the Driver..........
[INFO ] 2023-08-02 10:20:33.867 [main] BaseTest - Initialize the Driver..........
[INFO ] 2023-08-02 10:20:35.748 [main] BaseTest - Opening the URL..........
[INFO ] 2023-08-02 10:20:44.539 [main] SearchTest - Invalid Searh Test case
[INFO ] 2023-08-02 10:20:44.542 [main] SearchPage - click on search bar
[INFO ] 2023-08-02 10:20:44.690 [main] SearchPage - enter details on search
[INFO ] 2023-08-02 10:20:44.854 [main] SearchPage - click on enter button from keyboard
[INFO ] 2023-08-02 10:20:46.456 [main] BaseTest - Closing the Driver..........
[INFO ] 2023-08-02 10:20:46.812 [main] BaseTest - Initialize the Driver..........
[INFO ] 2023-08-02 10:20:48.625 [main] BaseTest - Opening the URL..........
[INFO ] 2023-08-02 10:20:56.362 [main] SearchTest - Valid Search Test case
[INFO ] 2023-08-02 10:20:56.363 [main] SearchPage - click on search bar
[INFO ] 2023-08-02 10:20:56.470 [main] SearchPage - enter details on search
[INFO ] 2023-08-02 10:20:56.619 [main] SearchPage - click on enter button from keyboard
[INFO ] 2023-08-02 10:21:00.418 [main] SearchPage - check item visibility
[INFO ] 2023-08-02 10:21:00.590 [main] BaseTest - Closing the Driver..........
[INFO ] 2023-08-02 10:21:01.403 [main] BaseTest - Initialize the Driver..........
[INFO ] 2023-08-02 10:21:04.371 [main] BaseTest - Opening the URL..........
[INFO ] 2023-08-02 10:21:13.880 [main] SearchTest - Valid Search Test case
[INFO ] 2023-08-02 10:21:13.881 [main] SearchPage - click on search bar
[INFO ] 2023-08-02 10:21:14.060 [main] SearchPage - enter details on search
[INFO ] 2023-08-02 10:21:14.279 [main] SearchPage - click on enter button from keyboard
[INFO ] 2023-08-02 10:21:18.692 [main] SearchPage - check item visibility
[INFO ] 2023-08-02 10:21:20.348 [main] BaseTest - Closing the Driver..........
[INFO ] 2023-08-02 10:21:21.830 [main] BaseTest - Initialize the Driver..........
[INFO ] 2023-08-02 10:21:26.166 [main] BaseTest - Opening the URL..........
[INFO ] 2023-08-02 10:21:35.118 [main] HomeTest - Women Button Test case
[INFO ] 2023-08-02 10:21:35.121 [main] HomePage - click on Women Button
[INFO ] 2023-08-02 10:21:38.409 [main] BaseTest - Closing the Driver..........
[INFO ] 2023-08-02 10:21:40.756 [main] FileWrite - Write File Method called
[INFO ] 2023-08-02 10:26:51.562 [main] ExtentReporterNG - Setting Extent Report Info.........
[INFO ] 2023-08-02 10:26:52.061 [main] FileRead - Read File Method called
[INFO ] 2023-08-02 10:26:52.063 [main] DeleteDirectory - Delete Directory Method Called
[INFO ] 2023-08-02 10:26:52.065 [main] FileMove - Move File Method called
[INFO ] 2023-08-02 10:26:52.081 [main] DeleteDirectory - Delete Directory Method Called
[INFO ] 2023-08-02 10:26:52.136 [main] BaseTest - Initialize the Driver..........
[INFO ] 2023-08-02 10:26:56.436 [main] BaseTest - Opening the URL..........
[INFO ] 2023-08-02 10:27:04.478 [main] SaleTest - Bag Link Test case
[INFO ] 2023-08-02 10:27:04.515 [main] SalePage - click on Sale Button
[INFO ] 2023-08-02 10:27:07.685 [main] SalePage - click on Bag Link
[INFO ] 2023-08-02 10:27:09.648 [main] BaseTest - Closing the Driver..........
[INFO ] 2023-08-02 10:27:10.160 [main] BaseTest - Initialize the Driver..........
[INFO ] 2023-08-02 10:27:12.068 [main] BaseTest - Opening the URL..........
[INFO ] 2023-08-02 10:27:20.837 [main] SaleTest - Fitness-Equipment Link Test case
[INFO ] 2023-08-02 10:27:20.838 [main] SalePage - click on Sale Button
[INFO ] 2023-08-02 10:27:23.868 [main] SalePage - click on Fitness-Equipment Link
[INFO ] 2023-08-02 10:27:26.273 [main] BaseTest - Closing the Driver..........
[INFO ] 2023-08-02 10:27:26.855 [main] BaseTest - Initialize the Driver..........
[INFO ] 2023-08-02 10:27:28.908 [main] BaseTest - Opening the URL..........
[INFO ] 2023-08-02 10:27:38.219 [main] GearTest - Bag Button Test case
[INFO ] 2023-08-02 10:27:38.221 [main] GearPage - click on Gear Button
[INFO ] 2023-08-02 10:27:39.706 [main] GearPage - mouse over on Gear Button
[INFO ] 2023-08-02 10:27:40.043 [main] GearPage - click on Bag Button from drop-down
[INFO ] 2023-08-02 10:27:41.542 [main] BaseTest - Closing the Driver..........
[INFO ] 2023-08-02 10:27:41.937 [main] BaseTest - Initialize the Driver..........
[INFO ] 2023-08-02 10:27:44.250 [main] BaseTest - Opening the URL..........
[INFO ] 2023-08-02 10:27:55.383 [main] GearTest - Fitness-Equipment Button Test case
[INFO ] 2023-08-02 10:27:55.385 [main] GearPage - click on Gear Button
[INFO ] 2023-08-02 10:27:58.412 [main] GearPage - mouse over on Gear Button
[INFO ] 2023-08-02 10:27:58.683 [main] GearPage - click on Fitness-Equipment Button from drop-down
[INFO ] 2023-08-02 10:28:00.827 [main] BaseTest - Closing the Driver..........
[INFO ] 2023-08-02 10:28:01.441 [main] BaseTest - Initialize the Driver..........
[INFO ] 2023-08-02 10:28:03.967 [main] BaseTest - Opening the URL..........
[INFO ] 2023-08-02 10:28:10.711 [main] GearTest - Watches Button Test case
[INFO ] 2023-08-02 10:28:10.711 [main] GearPage - click on Gear Button
[INFO ] 2023-08-02 10:28:14.145 [main] GearPage - mouse over on Gear Button
[INFO ] 2023-08-02 10:28:14.375 [main] GearPage - click on Watches Button from drop-down
[INFO ] 2023-08-02 10:28:16.910 [main] BaseTest - Closing the Driver..........
[INFO ] 2023-08-02 10:28:17.404 [main] BaseTest - Initialize the Driver..........
[INFO ] 2023-08-02 10:28:19.650 [main] BaseTest - Opening the URL..........
[INFO ] 2023-08-02 10:28:27.814 [main] SearchTest - Invalid Searh Test case
[INFO ] 2023-08-02 10:28:27.817 [main] SearchPage - click on search bar
[INFO ] 2023-08-02 10:28:27.939 [main] SearchPage - enter details on search
[INFO ] 2023-08-02 10:28:28.069 [main] SearchPage - click on enter button from keyboard
[INFO ] 2023-08-02 10:28:30.242 [main] BaseTest - Closing the Driver..........
[INFO ] 2023-08-02 10:28:30.636 [main] BaseTest - Initialize the Driver..........
[INFO ] 2023-08-02 10:28:33.019 [main] BaseTest - Opening the URL..........
[INFO ] 2023-08-02 10:28:42.179 [main] SearchTest - Invalid Searh Test case
[INFO ] 2023-08-02 10:28:42.182 [main] SearchPage - click on search bar
[INFO ] 2023-08-02 10:28:42.553 [main] SearchPage - enter details on search
[INFO ] 2023-08-02 10:28:42.713 [main] SearchPage - click on enter button from keyboard
[INFO ] 2023-08-02 10:28:44.378 [main] BaseTest - Closing the Driver..........
[INFO ] 2023-08-02 10:28:44.846 [main] BaseTest - Initialize the Driver..........
[INFO ] 2023-08-02 10:28:46.982 [main] BaseTest - Opening the URL..........
[INFO ] 2023-08-02 10:28:55.572 [main] SearchTest - Valid Search Test case
[INFO ] 2023-08-02 10:28:55.574 [main] SearchPage - click on search bar
[INFO ] 2023-08-02 10:28:55.895 [main] SearchPage - enter details on search
[INFO ] 2023-08-02 10:28:56.095 [main] SearchPage - click on enter button from keyboard
[INFO ] 2023-08-02 10:28:59.234 [main] SearchPage - check item visibility
[INFO ] 2023-08-02 10:28:59.411 [main] BaseTest - Closing the Driver..........
[INFO ] 2023-08-02 10:28:59.776 [main] BaseTest - Initialize the Driver..........
[INFO ] 2023-08-02 10:29:01.801 [main] BaseTest - Opening the URL..........
[INFO ] 2023-08-02 10:29:11.500 [main] SearchTest - Valid Search Test case
[INFO ] 2023-08-02 10:29:11.502 [main] SearchPage - click on search bar
[INFO ] 2023-08-02 10:29:11.835 [main] SearchPage - enter details on search
[INFO ] 2023-08-02 10:29:11.988 [main] SearchPage - click on enter button from keyboard
[INFO ] 2023-08-02 10:29:13.995 [main] SearchPage - check item visibility
[INFO ] 2023-08-02 10:29:14.260 [main] BaseTest - Closing the Driver..........
[INFO ] 2023-08-02 10:29:14.688 [main] BaseTest - Initialize the Driver..........
[INFO ] 2023-08-02 10:29:16.911 [main] BaseTest - Opening the URL..........
[INFO ] 2023-08-02 10:29:24.655 [main] HomeTest - Women Button Test case
[INFO ] 2023-08-02 10:29:24.660 [main] HomePage - click on Women Button
[INFO ] 2023-08-02 10:29:28.371 [main] BaseTest - Closing the Driver..........
[INFO ] 2023-08-02 10:29:29.398 [main] FileWrite - Write File Method called
[INFO ] 2023-08-02 12:28:09.815 [main] BaseTest - Initialize the Driver..........
[INFO ] 2023-08-02 12:28:13.830 [main] BaseTest - Opening the URL..........
[INFO ] 2023-08-02 12:30:09.126 [main] BaseTest - Initialize the Driver..........
[INFO ] 2023-08-02 12:30:12.749 [main] BaseTest - Opening the URL..........
[INFO ] 2023-08-02 12:30:30.973 [main] GearTest - Bag Button Test case
[INFO ] 2023-08-02 12:30:31.040 [main] GearPage - click on Gear Button
[INFO ] 2023-08-02 12:30:34.567 [main] GearPage - mouse over on Gear Button
[INFO ] 2023-08-02 12:30:34.836 [main] GearPage - click on Bag Button from drop-down
[INFO ] 2023-08-02 12:30:36.932 [main] BaseTest - Closing the Driver..........
[INFO ] 2023-08-02 12:30:37.468 [main] BaseTest - Initialize the Driver..........
[INFO ] 2023-08-02 12:30:39.420 [main] BaseTest - Opening the URL..........
[INFO ] 2023-08-02 12:30:48.829 [main] GearTest - Fitness-Equipment Button Test case
[INFO ] 2023-08-02 12:30:48.830 [main] GearPage - click on Gear Button
[INFO ] 2023-08-02 12:30:52.671 [main] GearPage - mouse over on Gear Button
[INFO ] 2023-08-02 12:30:52.895 [main] GearPage - click on Fitness-Equipment Button from drop-down
[INFO ] 2023-08-02 12:30:54.156 [main] BaseTest - Closing the Driver..........
[INFO ] 2023-08-02 12:30:54.559 [main] BaseTest - Initialize the Driver..........
[INFO ] 2023-08-02 12:30:56.560 [main] BaseTest - Opening the URL..........
[INFO ] 2023-08-02 12:31:05.363 [main] GearTest - Watches Button Test case
[INFO ] 2023-08-02 12:31:05.365 [main] GearPage - click on Gear Button
[INFO ] 2023-08-02 12:31:09.069 [main] GearPage - mouse over on Gear Button
[INFO ] 2023-08-02 12:31:09.278 [main] GearPage - click on Watches Button from drop-down
[INFO ] 2023-08-02 12:31:10.969 [main] BaseTest - Closing the Driver..........
[INFO ] 2023-08-02 12:31:11.426 [main] BaseTest - Initialize the Driver..........
[INFO ] 2023-08-02 12:31:13.886 [main] BaseTest - Opening the URL..........
[INFO ] 2023-08-02 12:31:22.420 [main] HomeTest - Women Button Test case
[INFO ] 2023-08-02 12:31:22.424 [main] HomePage - click on Women Button
[INFO ] 2023-08-02 12:31:25.892 [main] BaseTest - Closing the Driver..........
[INFO ] 2023-08-02 12:31:26.410 [main] BaseTest - Initialize the Driver..........
[INFO ] 2023-08-02 12:31:28.519 [main] BaseTest - Opening the URL..........
[INFO ] 2023-08-02 12:31:37.271 [main] SaleTest - Bag Link Test case
[INFO ] 2023-08-02 12:31:37.276 [main] SalePage - click on Sale Button
[INFO ] 2023-08-02 12:31:41.058 [main] SalePage - click on Bag Link
[INFO ] 2023-08-02 12:31:43.816 [main] BaseTest - Closing the Driver..........
[INFO ] 2023-08-02 12:31:44.443 [main] BaseTest - Initialize the Driver..........
[INFO ] 2023-08-02 12:31:46.607 [main] BaseTest - Opening the URL..........
[INFO ] 2023-08-02 12:31:54.966 [main] SaleTest - Fitness-Equipment Link Test case
[INFO ] 2023-08-02 12:31:54.968 [main] SalePage - click on Sale Button
[INFO ] 2023-08-02 12:31:58.172 [main] SalePage - click on Fitness-Equipment Link
[INFO ] 2023-08-02 12:32:00.234 [main] BaseTest - Closing the Driver..........
[INFO ] 2023-08-02 12:32:00.711 [main] BaseTest - Initialize the Driver..........
[INFO ] 2023-08-02 12:32:02.660 [main] BaseTest - Opening the URL..........
[INFO ] 2023-08-02 12:32:12.226 [main] SearchTest - Invalid Searh Test case
[INFO ] 2023-08-02 12:32:12.229 [main] SearchPage - click on search bar
[INFO ] 2023-08-02 12:32:12.332 [main] SearchPage - enter details on search
[INFO ] 2023-08-02 12:32:12.443 [main] SearchPage - click on enter button from keyboard
[INFO ] 2023-08-02 12:32:14.116 [main] BaseTest - Closing the Driver..........
[INFO ] 2023-08-02 12:32:14.551 [main] BaseTest - Initialize the Driver..........
[INFO ] 2023-08-02 12:32:16.508 [main] BaseTest - Opening the URL..........
[INFO ] 2023-08-02 12:32:26.782 [main] SearchTest - Invalid Searh Test case
[INFO ] 2023-08-02 12:32:26.786 [main] SearchPage - click on search bar
[INFO ] 2023-08-02 12:32:26.946 [main] SearchPage - enter details on search
[INFO ] 2023-08-02 12:32:27.066 [main] SearchPage - click on enter button from keyboard
[INFO ] 2023-08-02 12:32:29.282 [main] BaseTest - Closing the Driver..........
[INFO ] 2023-08-02 12:32:29.721 [main] BaseTest - Initialize the Driver..........
[INFO ] 2023-08-02 12:32:31.937 [main] BaseTest - Opening the URL..........
[INFO ] 2023-08-02 12:32:43.250 [main] SearchTest - Valid Search Test case
[INFO ] 2023-08-02 12:32:43.251 [main] SearchPage - click on search bar
[INFO ] 2023-08-02 12:32:43.395 [main] SearchPage - enter details on search
[INFO ] 2023-08-02 12:32:43.517 [main] SearchPage - click on enter button from keyboard
[INFO ] 2023-08-02 12:32:46.799 [main] SearchPage - check item visibility
[INFO ] 2023-08-02 12:32:46.874 [main] BaseTest - Closing the Driver..........
[INFO ] 2023-08-02 12:32:47.293 [main] BaseTest - Initialize the Driver..........
[INFO ] 2023-08-02 12:32:49.743 [main] BaseTest - Opening the URL..........
[INFO ] 2023-08-02 12:32:59.571 [main] SearchTest - Valid Search Test case
[INFO ] 2023-08-02 12:32:59.573 [main] SearchPage - click on search bar
[INFO ] 2023-08-02 12:32:59.858 [main] SearchPage - enter details on search
[INFO ] 2023-08-02 12:33:00.237 [main] SearchPage - click on enter button from keyboard
[INFO ] 2023-08-02 12:33:02.348 [main] SearchPage - check item visibility
[INFO ] 2023-08-02 12:33:02.611 [main] BaseTest - Closing the Driver..........
